[0.495s] Invoking command in '/home/mariana/ROS2/ws_jhu/src/trajcontrol': PYTHONPATH=/home/mariana/ROS2/ws_jhu/src/trajcontrol/install/trajcontrol/lib/python3.8/site-packages: /usr/bin/python3 setup.py egg_info --egg-base build/trajcontrol build --build-base /home/mariana/ROS2/ws_jhu/src/trajcontrol/build/trajcontrol/build install --prefix /home/mariana/ROS2/ws_jhu/src/trajcontrol/install/trajcontrol --record /home/mariana/ROS2/ws_jhu/src/trajcontrol/build/trajcontrol/install.log --single-version-externally-managed
[0.682s] running egg_info
[0.682s] creating build/trajcontrol/trajcontrol.egg-info
[0.682s] writing build/trajcontrol/trajcontrol.egg-info/PKG-INFO
[0.683s] writing dependency_links to build/trajcontrol/trajcontrol.egg-info/dependency_links.txt
[0.683s] writing entry points to build/trajcontrol/trajcontrol.egg-info/entry_points.txt
[0.683s] writing requirements to build/trajcontrol/trajcontrol.egg-info/requires.txt
[0.683s] writing top-level names to build/trajcontrol/trajcontrol.egg-info/top_level.txt
[0.686s] writing manifest file 'build/trajcontrol/trajcontrol.egg-info/SOURCES.txt'
[0.714s] reading manifest file 'build/trajcontrol/trajcontrol.egg-info/SOURCES.txt'
[0.715s] writing manifest file 'build/trajcontrol/trajcontrol.egg-info/SOURCES.txt'
[0.715s] running build
[0.716s] running build_py
[0.716s] creating /home/mariana/ROS2/ws_jhu/src/trajcontrol/build/trajcontrol/build
[0.716s] creating /home/mariana/ROS2/ws_jhu/src/trajcontrol/build/trajcontrol/build/lib
[0.716s] creating /home/mariana/ROS2/ws_jhu/src/trajcontrol/build/trajcontrol/build/lib/trajcontrol
[0.716s] copying trajcontrol/virtual_sensor.py -> /home/mariana/ROS2/ws_jhu/src/trajcontrol/build/trajcontrol/build/lib/trajcontrol
[0.716s] copying trajcontrol/estimator_node.py -> /home/mariana/ROS2/ws_jhu/src/trajcontrol/build/trajcontrol/build/lib/trajcontrol
[0.716s] copying trajcontrol/__init__.py -> /home/mariana/ROS2/ws_jhu/src/trajcontrol/build/trajcontrol/build/lib/trajcontrol
[0.716s] copying trajcontrol/virtual_UI.py -> /home/mariana/ROS2/ws_jhu/src/trajcontrol/build/trajcontrol/build/lib/trajcontrol
[0.716s] copying trajcontrol/save_file.py -> /home/mariana/ROS2/ws_jhu/src/trajcontrol/build/trajcontrol/build/lib/trajcontrol
[0.716s] copying trajcontrol/controller_node.py -> /home/mariana/ROS2/ws_jhu/src/trajcontrol/build/trajcontrol/build/lib/trajcontrol
[0.717s] copying trajcontrol/virtual_robot.py -> /home/mariana/ROS2/ws_jhu/src/trajcontrol/build/trajcontrol/build/lib/trajcontrol
[0.717s] running install
[0.717s] running install_lib
[0.718s] creating /home/mariana/ROS2/ws_jhu/src/trajcontrol/install/trajcontrol/lib/python3.8/site-packages/trajcontrol
[0.718s] copying /home/mariana/ROS2/ws_jhu/src/trajcontrol/build/trajcontrol/build/lib/trajcontrol/virtual_sensor.py -> /home/mariana/ROS2/ws_jhu/src/trajcontrol/install/trajcontrol/lib/python3.8/site-packages/trajcontrol
[0.719s] copying /home/mariana/ROS2/ws_jhu/src/trajcontrol/build/trajcontrol/build/lib/trajcontrol/estimator_node.py -> /home/mariana/ROS2/ws_jhu/src/trajcontrol/install/trajcontrol/lib/python3.8/site-packages/trajcontrol
[0.719s] copying /home/mariana/ROS2/ws_jhu/src/trajcontrol/build/trajcontrol/build/lib/trajcontrol/__init__.py -> /home/mariana/ROS2/ws_jhu/src/trajcontrol/install/trajcontrol/lib/python3.8/site-packages/trajcontrol
[0.719s] copying /home/mariana/ROS2/ws_jhu/src/trajcontrol/build/trajcontrol/build/lib/trajcontrol/virtual_UI.py -> /home/mariana/ROS2/ws_jhu/src/trajcontrol/install/trajcontrol/lib/python3.8/site-packages/trajcontrol
[0.719s] copying /home/mariana/ROS2/ws_jhu/src/trajcontrol/build/trajcontrol/build/lib/trajcontrol/save_file.py -> /home/mariana/ROS2/ws_jhu/src/trajcontrol/install/trajcontrol/lib/python3.8/site-packages/trajcontrol
[0.719s] copying /home/mariana/ROS2/ws_jhu/src/trajcontrol/build/trajcontrol/build/lib/trajcontrol/controller_node.py -> /home/mariana/ROS2/ws_jhu/src/trajcontrol/install/trajcontrol/lib/python3.8/site-packages/trajcontrol
[0.719s] copying /home/mariana/ROS2/ws_jhu/src/trajcontrol/build/trajcontrol/build/lib/trajcontrol/virtual_robot.py -> /home/mariana/ROS2/ws_jhu/src/trajcontrol/install/trajcontrol/lib/python3.8/site-packages/trajcontrol
[0.719s] byte-compiling /home/mariana/ROS2/ws_jhu/src/trajcontrol/install/trajcontrol/lib/python3.8/site-packages/trajcontrol/virtual_sensor.py to virtual_sensor.cpython-38.pyc
[0.721s] byte-compiling /home/mariana/ROS2/ws_jhu/src/trajcontrol/install/trajcontrol/lib/python3.8/site-packages/trajcontrol/estimator_node.py to estimator_node.cpython-38.pyc
[0.722s] byte-compiling /home/mariana/ROS2/ws_jhu/src/trajcontrol/install/trajcontrol/lib/python3.8/site-packages/trajcontrol/__init__.py to __init__.cpython-38.pyc
[0.723s] byte-compiling /home/mariana/ROS2/ws_jhu/src/trajcontrol/install/trajcontrol/lib/python3.8/site-packages/trajcontrol/virtual_UI.py to virtual_UI.cpython-38.pyc
[0.723s] byte-compiling /home/mariana/ROS2/ws_jhu/src/trajcontrol/install/trajcontrol/lib/python3.8/site-packages/trajcontrol/save_file.py to save_file.cpython-38.pyc
[0.724s] byte-compiling /home/mariana/ROS2/ws_jhu/src/trajcontrol/install/trajcontrol/lib/python3.8/site-packages/trajcontrol/controller_node.py to controller_node.cpython-38.pyc
[0.724s] byte-compiling /home/mariana/ROS2/ws_jhu/src/trajcontrol/install/trajcontrol/lib/python3.8/site-packages/trajcontrol/virtual_robot.py to virtual_robot.cpython-38.pyc
[0.725s] running install_data
[0.725s] creating /home/mariana/ROS2/ws_jhu/src/trajcontrol/install/trajcontrol/share/ament_index
[0.726s] creating /home/mariana/ROS2/ws_jhu/src/trajcontrol/install/trajcontrol/share/ament_index/resource_index
[0.726s] creating /home/mariana/ROS2/ws_jhu/src/trajcontrol/install/trajcontrol/share/ament_index/resource_index/packages
[0.726s] copying resource/trajcontrol -> /home/mariana/ROS2/ws_jhu/src/trajcontrol/install/trajcontrol/share/ament_index/resource_index/packages
[0.726s] copying package.xml -> /home/mariana/ROS2/ws_jhu/src/trajcontrol/install/trajcontrol/share/trajcontrol
[0.726s] creating /home/mariana/ROS2/ws_jhu/src/trajcontrol/install/trajcontrol/share/trajcontrol/launch
[0.726s] copying launch/virtual_nodes.launch.py -> /home/mariana/ROS2/ws_jhu/src/trajcontrol/install/trajcontrol/share/trajcontrol/launch
[0.726s] copying launch/demo.launch.py -> /home/mariana/ROS2/ws_jhu/src/trajcontrol/install/trajcontrol/share/trajcontrol/launch
[0.726s] creating /home/mariana/ROS2/ws_jhu/src/trajcontrol/install/trajcontrol/share/trajcontrol/config
[0.726s] copying config/demo_params.yaml -> /home/mariana/ROS2/ws_jhu/src/trajcontrol/install/trajcontrol/share/trajcontrol/config
[0.726s] copying config/virtual_nodes_params.yaml -> /home/mariana/ROS2/ws_jhu/src/trajcontrol/install/trajcontrol/share/trajcontrol/config
[0.726s] running install_egg_info
[0.727s] Copying build/trajcontrol/trajcontrol.egg-info to /home/mariana/ROS2/ws_jhu/src/trajcontrol/install/trajcontrol/lib/python3.8/site-packages/trajcontrol-0.0.0-py3.8.egg-info
[0.728s] running install_scripts
[0.742s] Installing controller_node script to /home/mariana/ROS2/ws_jhu/src/trajcontrol/install/trajcontrol/lib/trajcontrol
[0.742s] Installing estimator_node script to /home/mariana/ROS2/ws_jhu/src/trajcontrol/install/trajcontrol/lib/trajcontrol
[0.742s] Installing save_file script to /home/mariana/ROS2/ws_jhu/src/trajcontrol/install/trajcontrol/lib/trajcontrol
[0.742s] Installing virtual_UI script to /home/mariana/ROS2/ws_jhu/src/trajcontrol/install/trajcontrol/lib/trajcontrol
[0.743s] Installing virtual_robot script to /home/mariana/ROS2/ws_jhu/src/trajcontrol/install/trajcontrol/lib/trajcontrol
[0.743s] Installing virtual_sensor script to /home/mariana/ROS2/ws_jhu/src/trajcontrol/install/trajcontrol/lib/trajcontrol
[0.743s] writing list of installed files to '/home/mariana/ROS2/ws_jhu/src/trajcontrol/build/trajcontrol/install.log'
[0.764s] Invoked command in '/home/mariana/ROS2/ws_jhu/src/trajcontrol' returned '0': PYTHONPATH=/home/mariana/ROS2/ws_jhu/src/trajcontrol/install/trajcontrol/lib/python3.8/site-packages: /usr/bin/python3 setup.py egg_info --egg-base build/trajcontrol build --build-base /home/mariana/ROS2/ws_jhu/src/trajcontrol/build/trajcontrol/build install --prefix /home/mariana/ROS2/ws_jhu/src/trajcontrol/install/trajcontrol --record /home/mariana/ROS2/ws_jhu/src/trajcontrol/build/trajcontrol/install.log --single-version-externally-managed
