[0.990s] Invoking command in '/home/mariana/ROS/ws_jhu/src/trajcontrol': PYTHONPATH=/home/mariana/ROS/ws_jhu/src/trajcontrol/install/trajcontrol/lib/python3.8/site-packages:${PYTHONPATH} /usr/bin/python3 setup.py egg_info --egg-base build/trajcontrol build --build-base /home/mariana/ROS/ws_jhu/src/trajcontrol/build/trajcontrol/build install --prefix /home/mariana/ROS/ws_jhu/src/trajcontrol/install/trajcontrol --record /home/mariana/ROS/ws_jhu/src/trajcontrol/build/trajcontrol/install.log --single-version-externally-managed
[1.328s] running egg_info
[1.329s] creating build/trajcontrol/trajcontrol.egg-info
[1.329s] writing build/trajcontrol/trajcontrol.egg-info/PKG-INFO
[1.330s] writing dependency_links to build/trajcontrol/trajcontrol.egg-info/dependency_links.txt
[1.330s] writing entry points to build/trajcontrol/trajcontrol.egg-info/entry_points.txt
[1.330s] writing requirements to build/trajcontrol/trajcontrol.egg-info/requires.txt
[1.331s] writing top-level names to build/trajcontrol/trajcontrol.egg-info/top_level.txt
[1.333s] writing manifest file 'build/trajcontrol/trajcontrol.egg-info/SOURCES.txt'
[1.420s] reading manifest file 'build/trajcontrol/trajcontrol.egg-info/SOURCES.txt'
[1.422s] writing manifest file 'build/trajcontrol/trajcontrol.egg-info/SOURCES.txt'
[1.422s] running build
[1.422s] running build_py
[1.422s] creating /home/mariana/ROS/ws_jhu/src/trajcontrol/build/trajcontrol/build
[1.423s] creating /home/mariana/ROS/ws_jhu/src/trajcontrol/build/trajcontrol/build/lib
[1.423s] creating /home/mariana/ROS/ws_jhu/src/trajcontrol/build/trajcontrol/build/lib/trajcontrol
[1.423s] copying trajcontrol/estimator_node.py -> /home/mariana/ROS/ws_jhu/src/trajcontrol/build/trajcontrol/build/lib/trajcontrol
[1.423s] copying trajcontrol/save_file.py -> /home/mariana/ROS/ws_jhu/src/trajcontrol/build/trajcontrol/build/lib/trajcontrol
[1.423s] copying trajcontrol/keypress.py -> /home/mariana/ROS/ws_jhu/src/trajcontrol/build/trajcontrol/build/lib/trajcontrol
[1.424s] copying trajcontrol/virtual_sensor.py -> /home/mariana/ROS/ws_jhu/src/trajcontrol/build/trajcontrol/build/lib/trajcontrol
[1.424s] copying trajcontrol/virtual_robot.py -> /home/mariana/ROS/ws_jhu/src/trajcontrol/build/trajcontrol/build/lib/trajcontrol
[1.424s] copying trajcontrol/controller_node.py -> /home/mariana/ROS/ws_jhu/src/trajcontrol/build/trajcontrol/build/lib/trajcontrol
[1.424s] copying trajcontrol/__init__.py -> /home/mariana/ROS/ws_jhu/src/trajcontrol/build/trajcontrol/build/lib/trajcontrol
[1.425s] running install
[1.426s] running install_lib
[1.428s] creating /home/mariana/ROS/ws_jhu/src/trajcontrol/install/trajcontrol/lib/python3.8/site-packages/trajcontrol
[1.428s] copying /home/mariana/ROS/ws_jhu/src/trajcontrol/build/trajcontrol/build/lib/trajcontrol/estimator_node.py -> /home/mariana/ROS/ws_jhu/src/trajcontrol/install/trajcontrol/lib/python3.8/site-packages/trajcontrol
[1.428s] copying /home/mariana/ROS/ws_jhu/src/trajcontrol/build/trajcontrol/build/lib/trajcontrol/save_file.py -> /home/mariana/ROS/ws_jhu/src/trajcontrol/install/trajcontrol/lib/python3.8/site-packages/trajcontrol
[1.429s] copying /home/mariana/ROS/ws_jhu/src/trajcontrol/build/trajcontrol/build/lib/trajcontrol/keypress.py -> /home/mariana/ROS/ws_jhu/src/trajcontrol/install/trajcontrol/lib/python3.8/site-packages/trajcontrol
[1.429s] copying /home/mariana/ROS/ws_jhu/src/trajcontrol/build/trajcontrol/build/lib/trajcontrol/virtual_sensor.py -> /home/mariana/ROS/ws_jhu/src/trajcontrol/install/trajcontrol/lib/python3.8/site-packages/trajcontrol
[1.429s] copying /home/mariana/ROS/ws_jhu/src/trajcontrol/build/trajcontrol/build/lib/trajcontrol/virtual_robot.py -> /home/mariana/ROS/ws_jhu/src/trajcontrol/install/trajcontrol/lib/python3.8/site-packages/trajcontrol
[1.429s] copying /home/mariana/ROS/ws_jhu/src/trajcontrol/build/trajcontrol/build/lib/trajcontrol/controller_node.py -> /home/mariana/ROS/ws_jhu/src/trajcontrol/install/trajcontrol/lib/python3.8/site-packages/trajcontrol
[1.429s] copying /home/mariana/ROS/ws_jhu/src/trajcontrol/build/trajcontrol/build/lib/trajcontrol/__init__.py -> /home/mariana/ROS/ws_jhu/src/trajcontrol/install/trajcontrol/lib/python3.8/site-packages/trajcontrol
[1.430s] byte-compiling /home/mariana/ROS/ws_jhu/src/trajcontrol/install/trajcontrol/lib/python3.8/site-packages/trajcontrol/estimator_node.py to estimator_node.cpython-38.pyc
[1.435s] byte-compiling /home/mariana/ROS/ws_jhu/src/trajcontrol/install/trajcontrol/lib/python3.8/site-packages/trajcontrol/save_file.py to save_file.cpython-38.pyc
[1.437s] byte-compiling /home/mariana/ROS/ws_jhu/src/trajcontrol/install/trajcontrol/lib/python3.8/site-packages/trajcontrol/keypress.py to keypress.cpython-38.pyc
[1.438s] byte-compiling /home/mariana/ROS/ws_jhu/src/trajcontrol/install/trajcontrol/lib/python3.8/site-packages/trajcontrol/virtual_sensor.py to virtual_sensor.cpython-38.pyc
[1.439s] byte-compiling /home/mariana/ROS/ws_jhu/src/trajcontrol/install/trajcontrol/lib/python3.8/site-packages/trajcontrol/virtual_robot.py to virtual_robot.cpython-38.pyc
[1.440s] byte-compiling /home/mariana/ROS/ws_jhu/src/trajcontrol/install/trajcontrol/lib/python3.8/site-packages/trajcontrol/controller_node.py to controller_node.cpython-38.pyc
[1.442s] byte-compiling /home/mariana/ROS/ws_jhu/src/trajcontrol/install/trajcontrol/lib/python3.8/site-packages/trajcontrol/__init__.py to __init__.cpython-38.pyc
[1.442s] running install_data
[1.443s] creating /home/mariana/ROS/ws_jhu/src/trajcontrol/install/trajcontrol/share/ament_index
[1.443s] creating /home/mariana/ROS/ws_jhu/src/trajcontrol/install/trajcontrol/share/ament_index/resource_index
[1.444s] creating /home/mariana/ROS/ws_jhu/src/trajcontrol/install/trajcontrol/share/ament_index/resource_index/packages
[1.444s] copying resource/trajcontrol -> /home/mariana/ROS/ws_jhu/src/trajcontrol/install/trajcontrol/share/ament_index/resource_index/packages
[1.444s] copying package.xml -> /home/mariana/ROS/ws_jhu/src/trajcontrol/install/trajcontrol/share/trajcontrol
[1.444s] creating /home/mariana/ROS/ws_jhu/src/trajcontrol/install/trajcontrol/share/trajcontrol/launch
[1.444s] copying launch/real_test.launch.py -> /home/mariana/ROS/ws_jhu/src/trajcontrol/install/trajcontrol/share/trajcontrol/launch
[1.445s] copying launch/virtual_test.launch.py -> /home/mariana/ROS/ws_jhu/src/trajcontrol/install/trajcontrol/share/trajcontrol/launch
[1.445s] running install_egg_info
[1.446s] Copying build/trajcontrol/trajcontrol.egg-info to /home/mariana/ROS/ws_jhu/src/trajcontrol/install/trajcontrol/lib/python3.8/site-packages/trajcontrol-0.0.0-py3.8.egg-info
[1.447s] running install_scripts
[1.470s] Installing controller_node script to /home/mariana/ROS/ws_jhu/src/trajcontrol/install/trajcontrol/lib/trajcontrol
[1.470s] Installing estimator_node script to /home/mariana/ROS/ws_jhu/src/trajcontrol/install/trajcontrol/lib/trajcontrol
[1.470s] Installing keypress script to /home/mariana/ROS/ws_jhu/src/trajcontrol/install/trajcontrol/lib/trajcontrol
[1.471s] Installing save_file script to /home/mariana/ROS/ws_jhu/src/trajcontrol/install/trajcontrol/lib/trajcontrol
[1.471s] Installing virtual_robot script to /home/mariana/ROS/ws_jhu/src/trajcontrol/install/trajcontrol/lib/trajcontrol
[1.471s] Installing virtual_sensor script to /home/mariana/ROS/ws_jhu/src/trajcontrol/install/trajcontrol/lib/trajcontrol
[1.471s] writing list of installed files to '/home/mariana/ROS/ws_jhu/src/trajcontrol/build/trajcontrol/install.log'
[1.503s] Invoked command in '/home/mariana/ROS/ws_jhu/src/trajcontrol' returned '0': PYTHONPATH=/home/mariana/ROS/ws_jhu/src/trajcontrol/install/trajcontrol/lib/python3.8/site-packages:${PYTHONPATH} /usr/bin/python3 setup.py egg_info --egg-base build/trajcontrol build --build-base /home/mariana/ROS/ws_jhu/src/trajcontrol/build/trajcontrol/build install --prefix /home/mariana/ROS/ws_jhu/src/trajcontrol/install/trajcontrol --record /home/mariana/ROS/ws_jhu/src/trajcontrol/build/trajcontrol/install.log --single-version-externally-managed
