/home/mariana/ROS/ws_jhu/src/trajcontrol/install/trajcontrol/lib/python3.8/site-packages/trajcontrol/estimator_node.py
/home/mariana/ROS/ws_jhu/src/trajcontrol/install/trajcontrol/lib/python3.8/site-packages/trajcontrol/save_file.py
/home/mariana/ROS/ws_jhu/src/trajcontrol/install/trajcontrol/lib/python3.8/site-packages/trajcontrol/keypress.py
/home/mariana/ROS/ws_jhu/src/trajcontrol/install/trajcontrol/lib/python3.8/site-packages/trajcontrol/virtual_sensor.py
/home/mariana/ROS/ws_jhu/src/trajcontrol/install/trajcontrol/lib/python3.8/site-packages/trajcontrol/virtual_robot.py
/home/mariana/ROS/ws_jhu/src/trajcontrol/install/trajcontrol/lib/python3.8/site-packages/trajcontrol/controller_node.py
/home/mariana/ROS/ws_jhu/src/trajcontrol/install/trajcontrol/lib/python3.8/site-packages/trajcontrol/__init__.py
/home/mariana/ROS/ws_jhu/src/trajcontrol/install/trajcontrol/lib/python3.8/site-packages/trajcontrol/__pycache__/estimator_node.cpython-38.pyc
/home/mariana/ROS/ws_jhu/src/trajcontrol/install/trajcontrol/lib/python3.8/site-packages/trajcontrol/__pycache__/save_file.cpython-38.pyc
/home/mariana/ROS/ws_jhu/src/trajcontrol/install/trajcontrol/lib/python3.8/site-packages/trajcontrol/__pycache__/keypress.cpython-38.pyc
/home/mariana/ROS/ws_jhu/src/trajcontrol/install/trajcontrol/lib/python3.8/site-packages/trajcontrol/__pycache__/virtual_sensor.cpython-38.pyc
/home/mariana/ROS/ws_jhu/src/trajcontrol/install/trajcontrol/lib/python3.8/site-packages/trajcontrol/__pycache__/virtual_robot.cpython-38.pyc
/home/mariana/ROS/ws_jhu/src/trajcontrol/install/trajcontrol/lib/python3.8/site-packages/trajcontrol/__pycache__/controller_node.cpython-38.pyc
/home/mariana/ROS/ws_jhu/src/trajcontrol/install/trajcontrol/lib/python3.8/site-packages/trajcontrol/__pycache__/__init__.cpython-38.pyc
/home/mariana/ROS/ws_jhu/src/trajcontrol/install/trajcontrol/share/ament_index/resource_index/packages/trajcontrol
/home/mariana/ROS/ws_jhu/src/trajcontrol/install/trajcontrol/share/trajcontrol/package.xml
/home/mariana/ROS/ws_jhu/src/trajcontrol/install/trajcontrol/share/trajcontrol/launch/real_test.launch.py
/home/mariana/ROS/ws_jhu/src/trajcontrol/install/trajcontrol/share/trajcontrol/launch/virtual_test.launch.py
/home/mariana/ROS/ws_jhu/src/trajcontrol/install/trajcontrol/lib/python3.8/site-packages/trajcontrol-0.0.0-py3.8.egg-info/entry_points.txt
/home/mariana/ROS/ws_jhu/src/trajcontrol/install/trajcontrol/lib/python3.8/site-packages/trajcontrol-0.0.0-py3.8.egg-info/zip-safe
/home/mariana/ROS/ws_jhu/src/trajcontrol/install/trajcontrol/lib/python3.8/site-packages/trajcontrol-0.0.0-py3.8.egg-info/PKG-INFO
/home/mariana/ROS/ws_jhu/src/trajcontrol/install/trajcontrol/lib/python3.8/site-packages/trajcontrol-0.0.0-py3.8.egg-info/SOURCES.txt
/home/mariana/ROS/ws_jhu/src/trajcontrol/install/trajcontrol/lib/python3.8/site-packages/trajcontrol-0.0.0-py3.8.egg-info/dependency_links.txt
/home/mariana/ROS/ws_jhu/src/trajcontrol/install/trajcontrol/lib/python3.8/site-packages/trajcontrol-0.0.0-py3.8.egg-info/top_level.txt
/home/mariana/ROS/ws_jhu/src/trajcontrol/install/trajcontrol/lib/python3.8/site-packages/trajcontrol-0.0.0-py3.8.egg-info/requires.txt
/home/mariana/ROS/ws_jhu/src/trajcontrol/install/trajcontrol/lib/trajcontrol/controller_node
/home/mariana/ROS/ws_jhu/src/trajcontrol/install/trajcontrol/lib/trajcontrol/estimator_node
/home/mariana/ROS/ws_jhu/src/trajcontrol/install/trajcontrol/lib/trajcontrol/keypress
/home/mariana/ROS/ws_jhu/src/trajcontrol/install/trajcontrol/lib/trajcontrol/save_file
/home/mariana/ROS/ws_jhu/src/trajcontrol/install/trajcontrol/lib/trajcontrol/virtual_robot
/home/mariana/ROS/ws_jhu/src/trajcontrol/install/trajcontrol/lib/trajcontrol/virtual_sensor
