running egg_info
writing build/trajcontrol/trajcontrol.egg-info/PKG-INFO
writing dependency_links to build/trajcontrol/trajcontrol.egg-info/dependency_links.txt
writing entry points to build/trajcontrol/trajcontrol.egg-info/entry_points.txt
writing requirements to build/trajcontrol/trajcontrol.egg-info/requires.txt
writing top-level names to build/trajcontrol/trajcontrol.egg-info/top_level.txt
reading manifest file 'build/trajcontrol/trajcontrol.egg-info/SOURCES.txt'
writing manifest file 'build/trajcontrol/trajcontrol.egg-info/SOURCES.txt'
running build
running build_py
copying trajcontrol/save_file.py -> /home/mariana/ROS2/ws_jhu/src/trajcontrol/build/trajcontrol/build/lib/trajcontrol
running install
running install_lib
copying /home/mariana/ROS2/ws_jhu/src/trajcontrol/build/trajcontrol/build/lib/trajcontrol/save_file.py -> /home/mariana/ROS2/ws_jhu/src/trajcontrol/install/trajcontrol/lib/python3.8/site-packages/trajcontrol
byte-compiling /home/mariana/ROS2/ws_jhu/src/trajcontrol/install/trajcontrol/lib/python3.8/site-packages/trajcontrol/save_file.py to save_file.cpython-38.pyc
running install_data
running install_egg_info
removing '/home/mariana/ROS2/ws_jhu/src/trajcontrol/install/trajcontrol/lib/python3.8/site-packages/trajcontrol-0.0.0-py3.8.egg-info' (and everything under it)
Copying build/trajcontrol/trajcontrol.egg-info to /home/mariana/ROS2/ws_jhu/src/trajcontrol/install/trajcontrol/lib/python3.8/site-packages/trajcontrol-0.0.0-py3.8.egg-info
running install_scripts
Installing controller_node script to /home/mariana/ROS2/ws_jhu/src/trajcontrol/install/trajcontrol/lib/trajcontrol
Installing estimator_node script to /home/mariana/ROS2/ws_jhu/src/trajcontrol/install/trajcontrol/lib/trajcontrol
Installing save_file script to /home/mariana/ROS2/ws_jhu/src/trajcontrol/install/trajcontrol/lib/trajcontrol
Installing virtual_UI script to /home/mariana/ROS2/ws_jhu/src/trajcontrol/install/trajcontrol/lib/trajcontrol
Installing virtual_robot script to /home/mariana/ROS2/ws_jhu/src/trajcontrol/install/trajcontrol/lib/trajcontrol
Installing virtual_sensor script to /home/mariana/ROS2/ws_jhu/src/trajcontrol/install/trajcontrol/lib/trajcontrol
writing list of installed files to '/home/mariana/ROS2/ws_jhu/src/trajcontrol/build/trajcontrol/install.log'
