[0.796s] Invoking command in '/home/mariana/ROS2/ws_jhu/src/trajcontrol': PYTHONPATH=/home/mariana/ROS2/ws_jhu/src/trajcontrol/install/trajcontrol/lib/python3.8/site-packages:${PYTHONPATH} /usr/bin/python3 setup.py egg_info --egg-base build/trajcontrol build --build-base /home/mariana/ROS2/ws_jhu/src/trajcontrol/build/trajcontrol/build install --prefix /home/mariana/ROS2/ws_jhu/src/trajcontrol/install/trajcontrol --record /home/mariana/ROS2/ws_jhu/src/trajcontrol/build/trajcontrol/install.log --single-version-externally-managed
[1.027s] running egg_info
[1.027s] writing build/trajcontrol/trajcontrol.egg-info/PKG-INFO
[1.028s] writing dependency_links to build/trajcontrol/trajcontrol.egg-info/dependency_links.txt
[1.028s] writing entry points to build/trajcontrol/trajcontrol.egg-info/entry_points.txt
[1.028s] writing requirements to build/trajcontrol/trajcontrol.egg-info/requires.txt
[1.028s] writing top-level names to build/trajcontrol/trajcontrol.egg-info/top_level.txt
[1.061s] reading manifest file 'build/trajcontrol/trajcontrol.egg-info/SOURCES.txt'
[1.062s] writing manifest file 'build/trajcontrol/trajcontrol.egg-info/SOURCES.txt'
[1.062s] running build
[1.062s] running build_py
[1.063s] copying trajcontrol/save_file.py -> /home/mariana/ROS2/ws_jhu/src/trajcontrol/build/trajcontrol/build/lib/trajcontrol
[1.063s] running install
[1.064s] running install_lib
[1.065s] copying /home/mariana/ROS2/ws_jhu/src/trajcontrol/build/trajcontrol/build/lib/trajcontrol/save_file.py -> /home/mariana/ROS2/ws_jhu/src/trajcontrol/install/trajcontrol/lib/python3.8/site-packages/trajcontrol
[1.065s] byte-compiling /home/mariana/ROS2/ws_jhu/src/trajcontrol/install/trajcontrol/lib/python3.8/site-packages/trajcontrol/save_file.py to save_file.cpython-38.pyc
[1.067s] running install_data
[1.067s] running install_egg_info
[1.069s] removing '/home/mariana/ROS2/ws_jhu/src/trajcontrol/install/trajcontrol/lib/python3.8/site-packages/trajcontrol-0.0.0-py3.8.egg-info' (and everything under it)
[1.069s] Copying build/trajcontrol/trajcontrol.egg-info to /home/mariana/ROS2/ws_jhu/src/trajcontrol/install/trajcontrol/lib/python3.8/site-packages/trajcontrol-0.0.0-py3.8.egg-info
[1.070s] running install_scripts
[1.085s] Installing controller_node script to /home/mariana/ROS2/ws_jhu/src/trajcontrol/install/trajcontrol/lib/trajcontrol
[1.086s] Installing estimator_node script to /home/mariana/ROS2/ws_jhu/src/trajcontrol/install/trajcontrol/lib/trajcontrol
[1.086s] Installing save_file script to /home/mariana/ROS2/ws_jhu/src/trajcontrol/install/trajcontrol/lib/trajcontrol
[1.086s] Installing virtual_UI script to /home/mariana/ROS2/ws_jhu/src/trajcontrol/install/trajcontrol/lib/trajcontrol
[1.086s] Installing virtual_robot script to /home/mariana/ROS2/ws_jhu/src/trajcontrol/install/trajcontrol/lib/trajcontrol
[1.086s] Installing virtual_sensor script to /home/mariana/ROS2/ws_jhu/src/trajcontrol/install/trajcontrol/lib/trajcontrol
[1.087s] writing list of installed files to '/home/mariana/ROS2/ws_jhu/src/trajcontrol/build/trajcontrol/install.log'
[1.107s] Invoked command in '/home/mariana/ROS2/ws_jhu/src/trajcontrol' returned '0': PYTHONPATH=/home/mariana/ROS2/ws_jhu/src/trajcontrol/install/trajcontrol/lib/python3.8/site-packages:${PYTHONPATH} /usr/bin/python3 setup.py egg_info --egg-base build/trajcontrol build --build-base /home/mariana/ROS2/ws_jhu/src/trajcontrol/build/trajcontrol/build install --prefix /home/mariana/ROS2/ws_jhu/src/trajcontrol/install/trajcontrol --record /home/mariana/ROS2/ws_jhu/src/trajcontrol/build/trajcontrol/install.log --single-version-externally-managed
