[0.158s] DEBUG:colcon:Command line arguments: ['/usr/bin/colcon', 'build']
[0.158s] DEBUG:colcon:Parsed command line arguments: Namespace(allow_overriding=[], ament_cmake_args=None, base_paths=['.'], build_base='build', catkin_cmake_args=None, catkin_skip_building_tests=False, cmake_args=None, cmake_clean_cache=False, cmake_clean_first=False, cmake_force_configure=False, cmake_target=None, cmake_target_skip_unavailable=False, continue_on_error=False, event_handlers=None, executor='parallel', ignore_user_meta=False, install_base='install', log_base=None, log_level=None, main=<bound method BuildVerb.main of <colcon_core.verb.build.BuildVerb object at 0x7fa154999880>>, merge_install=False, metas=['./colcon.meta'], mixin=None, mixin_files=None, mixin_verb=('build',), packages_above=None, packages_above_and_dependencies=None, packages_above_depth=None, packages_end=None, packages_ignore=None, packages_ignore_regex=None, packages_select=None, packages_select_build_failed=False, packages_select_by_dep=None, packages_select_regex=None, packages_select_test_failures=False, packages_skip=None, packages_skip_build_finished=False, packages_skip_by_dep=None, packages_skip_regex=None, packages_skip_test_passed=False, packages_skip_up_to=None, packages_start=None, packages_up_to=None, packages_up_to_regex=None, parallel_workers=12, paths=None, symlink_install=False, test_result_base=None, verb_extension=<colcon_core.verb.build.BuildVerb object at 0x7fa154999880>, verb_name='build', verb_parser=<colcon_mixin.mixin.mixin_argument.MixinArgumentDecorator object at 0x7fa154999eb0>)
[0.164s] Level 1:colcon.colcon_core.package_discovery:discover_packages(colcon_meta) check parameters
[0.164s] Level 1:colcon.colcon_core.package_discovery:discover_packages(recursive) check parameters
[0.164s] Level 1:colcon.colcon_core.package_discovery:discover_packages(ignore) check parameters
[0.164s] Level 1:colcon.colcon_core.package_discovery:discover_packages(path) check parameters
[0.164s] Level 1:colcon.colcon_core.package_discovery:discover_packages(colcon_meta) discover
[0.164s] Level 1:colcon.colcon_core.package_discovery:discover_packages(recursive) discover
[0.164s] INFO:colcon.colcon_core.package_discovery:Crawling recursively for packages in '/home/mariana/ROS2/ws_jhu/src/trajcontrol'
[0.164s] Level 1:colcon.colcon_core.package_identification:_identify(.) by extensions ['ignore', 'ignore_ament_install']
[0.164s] Level 1:colcon.colcon_core.package_identification:_identify(.) by extension 'ignore'
[0.164s] Level 1:colcon.colcon_core.package_identification:_identify(.) by extension 'ignore_ament_install'
[0.164s] Level 1:colcon.colcon_core.package_identification:_identify(.) by extensions ['colcon_pkg']
[0.164s] Level 1:colcon.colcon_core.package_identification:_identify(.) by extension 'colcon_pkg'
[0.164s] Level 1:colcon.colcon_core.package_identification:_identify(.) by extensions ['colcon_meta']
[0.164s] Level 1:colcon.colcon_core.package_identification:_identify(.) by extension 'colcon_meta'
[0.164s] Level 1:colcon.colcon_core.package_identification:_identify(.) by extensions ['ros']
[0.164s] Level 1:colcon.colcon_core.package_identification:_identify(.) by extension 'ros'
[0.177s] DEBUG:colcon.colcon_core.package_identification:Package '.' with type 'ros.ament_python' and name 'trajcontrol'
[0.177s] Level 1:colcon.colcon_core.package_discovery:discover_packages(recursive) using defaults
[0.177s] Level 1:colcon.colcon_core.package_discovery:discover_packages(ignore) discover
[0.177s] Level 1:colcon.colcon_core.package_discovery:discover_packages(ignore) using defaults
[0.177s] Level 1:colcon.colcon_core.package_discovery:discover_packages(path) discover
[0.177s] Level 1:colcon.colcon_core.package_discovery:discover_packages(path) using defaults
[0.191s] Level 5:colcon.colcon_core.verb:set package 'trajcontrol' build argument 'cmake_args' from command line to 'None'
[0.191s] Level 5:colcon.colcon_core.verb:set package 'trajcontrol' build argument 'cmake_target' from command line to 'None'
[0.191s] Level 5:colcon.colcon_core.verb:set package 'trajcontrol' build argument 'cmake_target_skip_unavailable' from command line to 'False'
[0.191s] Level 5:colcon.colcon_core.verb:set package 'trajcontrol' build argument 'cmake_clean_cache' from command line to 'False'
[0.191s] Level 5:colcon.colcon_core.verb:set package 'trajcontrol' build argument 'cmake_clean_first' from command line to 'False'
[0.191s] Level 5:colcon.colcon_core.verb:set package 'trajcontrol' build argument 'cmake_force_configure' from command line to 'False'
[0.191s] Level 5:colcon.colcon_core.verb:set package 'trajcontrol' build argument 'ament_cmake_args' from command line to 'None'
[0.191s] Level 5:colcon.colcon_core.verb:set package 'trajcontrol' build argument 'catkin_cmake_args' from command line to 'None'
[0.191s] Level 5:colcon.colcon_core.verb:set package 'trajcontrol' build argument 'catkin_skip_building_tests' from command line to 'False'
[0.191s] DEBUG:colcon.colcon_core.verb:Building package 'trajcontrol' with the following arguments: {'ament_cmake_args': None, 'build_base': '/home/mariana/ROS2/ws_jhu/src/trajcontrol/build/trajcontrol', 'catkin_cmake_args': None, 'catkin_skip_building_tests': False, 'cmake_args': None, 'cmake_clean_cache': False, 'cmake_clean_first': False, 'cmake_force_configure': False, 'cmake_target': None, 'cmake_target_skip_unavailable': False, 'install_base': '/home/mariana/ROS2/ws_jhu/src/trajcontrol/install/trajcontrol', 'merge_install': False, 'path': '/home/mariana/ROS2/ws_jhu/src/trajcontrol', 'symlink_install': False, 'test_result_base': None}
[0.193s] INFO:colcon.colcon_core.executor:Executing jobs using 'parallel' executor
[0.194s] DEBUG:colcon.colcon_parallel_executor.executor.parallel:run_until_complete
[0.195s] INFO:colcon.colcon_ros.task.ament_python.build:Building ROS package in '/home/mariana/ROS2/ws_jhu/src/trajcontrol' with build type 'ament_python'
[0.195s] Level 1:colcon.colcon_core.shell:create_environment_hook('trajcontrol', 'ament_prefix_path')
[0.199s] INFO:colcon.colcon_core.plugin_system:Skipping extension 'colcon_core.shell.bat': Not used on non-Windows systems
[0.199s] INFO:colcon.colcon_core.shell:Creating environment hook '/home/mariana/ROS2/ws_jhu/src/trajcontrol/install/trajcontrol/share/trajcontrol/hook/ament_prefix_path.ps1'
[0.200s] INFO:colcon.colcon_core.shell:Creating environment descriptor '/home/mariana/ROS2/ws_jhu/src/trajcontrol/install/trajcontrol/share/trajcontrol/hook/ament_prefix_path.dsv'
[0.200s] INFO:colcon.colcon_core.shell:Creating environment hook '/home/mariana/ROS2/ws_jhu/src/trajcontrol/install/trajcontrol/share/trajcontrol/hook/ament_prefix_path.sh'
[0.201s] INFO:colcon.colcon_core.shell:Skip shell extension 'powershell' for command environment: Not usable outside of PowerShell
[0.201s] DEBUG:colcon.colcon_core.shell:Skip shell extension 'dsv' for command environment
[0.360s] INFO:colcon.colcon_core.task.python.build:Building Python package in '/home/mariana/ROS2/ws_jhu/src/trajcontrol'
[0.361s] INFO:colcon.colcon_core.shell:Skip shell extension 'powershell' for command environment: Not usable outside of PowerShell
[0.361s] DEBUG:colcon.colcon_core.shell:Skip shell extension 'dsv' for command environment
[0.691s] DEBUG:colcon.colcon_core.event_handler.log_command:Invoking command in '/home/mariana/ROS2/ws_jhu/src/trajcontrol': PYTHONPATH=/home/mariana/ROS2/ws_jhu/src/trajcontrol/install/trajcontrol/lib/python3.8/site-packages: /usr/bin/python3 setup.py egg_info --egg-base build/trajcontrol build --build-base /home/mariana/ROS2/ws_jhu/src/trajcontrol/build/trajcontrol/build install --prefix /home/mariana/ROS2/ws_jhu/src/trajcontrol/install/trajcontrol --record /home/mariana/ROS2/ws_jhu/src/trajcontrol/build/trajcontrol/install.log --single-version-externally-managed
[0.960s] DEBUG:colcon.colcon_core.event_handler.log_command:Invoked command in '/home/mariana/ROS2/ws_jhu/src/trajcontrol' returned '0': PYTHONPATH=/home/mariana/ROS2/ws_jhu/src/trajcontrol/install/trajcontrol/lib/python3.8/site-packages: /usr/bin/python3 setup.py egg_info --egg-base build/trajcontrol build --build-base /home/mariana/ROS2/ws_jhu/src/trajcontrol/build/trajcontrol/build install --prefix /home/mariana/ROS2/ws_jhu/src/trajcontrol/install/trajcontrol --record /home/mariana/ROS2/ws_jhu/src/trajcontrol/build/trajcontrol/install.log --single-version-externally-managed
[0.965s] Level 1:colcon.colcon_core.environment:checking '/home/mariana/ROS2/ws_jhu/src/trajcontrol/install/trajcontrol' for CMake module files
[0.966s] Level 1:colcon.colcon_core.environment:checking '/home/mariana/ROS2/ws_jhu/src/trajcontrol/install/trajcontrol' for CMake config files
[0.966s] Level 1:colcon.colcon_core.environment:checking '/home/mariana/ROS2/ws_jhu/src/trajcontrol/install/trajcontrol/lib'
[0.967s] Level 1:colcon.colcon_core.environment:checking '/home/mariana/ROS2/ws_jhu/src/trajcontrol/install/trajcontrol/bin'
[0.967s] Level 1:colcon.colcon_core.environment:checking '/home/mariana/ROS2/ws_jhu/src/trajcontrol/install/trajcontrol/lib/pkgconfig/trajcontrol.pc'
[0.967s] Level 1:colcon.colcon_core.environment:checking '/home/mariana/ROS2/ws_jhu/src/trajcontrol/install/trajcontrol/lib/python3.8/site-packages'
[0.967s] Level 1:colcon.colcon_core.shell:create_environment_hook('trajcontrol', 'pythonpath')
[0.967s] INFO:colcon.colcon_core.shell:Creating environment hook '/home/mariana/ROS2/ws_jhu/src/trajcontrol/install/trajcontrol/share/trajcontrol/hook/pythonpath.ps1'
[0.968s] INFO:colcon.colcon_core.shell:Creating environment descriptor '/home/mariana/ROS2/ws_jhu/src/trajcontrol/install/trajcontrol/share/trajcontrol/hook/pythonpath.dsv'
[0.968s] INFO:colcon.colcon_core.shell:Creating environment hook '/home/mariana/ROS2/ws_jhu/src/trajcontrol/install/trajcontrol/share/trajcontrol/hook/pythonpath.sh'
[0.968s] Level 1:colcon.colcon_core.environment:create_environment_scripts_only(trajcontrol)
[0.968s] INFO:colcon.colcon_core.shell:Creating package script '/home/mariana/ROS2/ws_jhu/src/trajcontrol/install/trajcontrol/share/trajcontrol/package.ps1'
[0.969s] INFO:colcon.colcon_core.shell:Creating package descriptor '/home/mariana/ROS2/ws_jhu/src/trajcontrol/install/trajcontrol/share/trajcontrol/package.dsv'
[0.970s] INFO:colcon.colcon_core.shell:Creating package script '/home/mariana/ROS2/ws_jhu/src/trajcontrol/install/trajcontrol/share/trajcontrol/package.sh'
[0.970s] INFO:colcon.colcon_core.shell:Creating package script '/home/mariana/ROS2/ws_jhu/src/trajcontrol/install/trajcontrol/share/trajcontrol/package.bash'
[0.971s] INFO:colcon.colcon_core.shell:Creating package script '/home/mariana/ROS2/ws_jhu/src/trajcontrol/install/trajcontrol/share/trajcontrol/package.zsh'
[0.972s] Level 1:colcon.colcon_core.environment:create_file_with_runtime_dependencies(/home/mariana/ROS2/ws_jhu/src/trajcontrol/install/trajcontrol/share/colcon-core/packages/trajcontrol)
[0.972s] DEBUG:colcon.colcon_parallel_executor.executor.parallel:closing loop
[0.972s] DEBUG:colcon.colcon_parallel_executor.executor.parallel:loop closed
[0.972s] DEBUG:colcon.colcon_parallel_executor.executor.parallel:run_until_complete finished with '0'
[0.972s] DEBUG:colcon.colcon_core.event_reactor:joining thread
[0.987s] INFO:colcon.colcon_core.plugin_system:Skipping extension 'colcon_notification.desktop_notification.terminal_notifier': Not used on non-Darwin systems
[0.988s] INFO:colcon.colcon_core.plugin_system:Skipping extension 'colcon_notification.desktop_notification.win32': Not used on non-Windows systems
[0.988s] INFO:colcon.colcon_notification.desktop_notification:Sending desktop notification using 'notify2'
[1.001s] DEBUG:colcon.colcon_core.event_reactor:joined thread
[1.001s] INFO:colcon.colcon_core.shell:Creating prefix script '/home/mariana/ROS2/ws_jhu/src/trajcontrol/install/local_setup.ps1'
[1.002s] INFO:colcon.colcon_core.shell:Creating prefix util module '/home/mariana/ROS2/ws_jhu/src/trajcontrol/install/_local_setup_util_ps1.py'
[1.003s] INFO:colcon.colcon_core.shell:Creating prefix chain script '/home/mariana/ROS2/ws_jhu/src/trajcontrol/install/setup.ps1'
[1.004s] INFO:colcon.colcon_core.shell:Creating prefix script '/home/mariana/ROS2/ws_jhu/src/trajcontrol/install/local_setup.sh'
[1.005s] INFO:colcon.colcon_core.shell:Creating prefix util module '/home/mariana/ROS2/ws_jhu/src/trajcontrol/install/_local_setup_util_sh.py'
[1.005s] INFO:colcon.colcon_core.shell:Creating prefix chain script '/home/mariana/ROS2/ws_jhu/src/trajcontrol/install/setup.sh'
[1.006s] INFO:colcon.colcon_core.shell:Creating prefix script '/home/mariana/ROS2/ws_jhu/src/trajcontrol/install/local_setup.bash'
[1.007s] INFO:colcon.colcon_core.shell:Creating prefix chain script '/home/mariana/ROS2/ws_jhu/src/trajcontrol/install/setup.bash'
[1.009s] INFO:colcon.colcon_core.shell:Creating prefix script '/home/mariana/ROS2/ws_jhu/src/trajcontrol/install/local_setup.zsh'
[1.009s] INFO:colcon.colcon_core.shell:Creating prefix chain script '/home/mariana/ROS2/ws_jhu/src/trajcontrol/install/setup.zsh'
